Build started 5/23/2016 8:32:28 PM.
     1>Project "C:\Users\kgupta\Documents\Visual Studio 2013\Projects\Pixtures\Pixtures\Pixtures.vcxproj" on node 2 (Build target(s)).
     1>ClCompile:
         C:\Program Files (x86)\Microsoft Visual Studio 12.0\VC\bin\x86_amd64\CL.exe /c /I"C:\Users\kgupta\Documents\Visual Studio 2013\Projects\SexySnake II\opencv\build\include" /Zi /nologo /W3 /WX- /O2 /Oi /GL /D WIN32 /D NDEBUG /D _CONSOLE /D _LIB /D _UNICODE /D UNICODE /Gm- /EHsc /MD /GS /Gy /fp:precise /Zc:wchar_t /Zc:forScope /Fo"x64\Release\\" /Fd"x64\Release\vc120.pdb" /Gd /TP /errorReport:prompt Canvas.cpp Main.cpp Pixels.cpp
         Canvas.cpp
     1>Canvas.cpp(100): warning C4244: '=' : conversion from 'double' to 'int', possible loss of data
     1>Canvas.cpp(101): warning C4244: '=' : conversion from 'double' to 'int', possible loss of data
     1>Canvas.cpp(102): warning C4244: 'argument' : conversion from 'double' to 'int', possible loss of data
         Main.cpp
     1>Main.cpp(51): warning C4244: 'initializing' : conversion from 'intptr_t' to 'int', possible loss of data
         Pixels.cpp
     1>Pixels.cpp(11): warning C4244: 'initializing' : conversion from 'intptr_t' to 'int', possible loss of data
       Link:
         C:\Program Files (x86)\Microsoft Visual Studio 12.0\VC\bin\x86_amd64\link.exe /ERRORREPORT:PROMPT /OUT:"C:\Users\kgupta\Documents\Visual Studio 2013\Projects\Pixtures\x64\Release\Pixtures.exe" /INCREMENTAL:NO /NOLOGO /LIBPATH:"C:\Users\kgupta\Documents\Visual Studio 2013\Projects\SexySnake II\opencv\build\x64\vc12\lib" opencv_world310.lib kernel32.lib user32.lib gdi32.lib winspool.lib comdlg32.lib advapi32.lib shell32.lib ole32.lib oleaut32.lib uuid.lib odbc32.lib odbccp32.lib /MANIFEST /MANIFESTUAC:"level='asInvoker' uiAccess='false'" /manifest:embed /DEBUG /PDB:"C:\Users\kgupta\Documents\Visual Studio 2013\Projects\Pixtures\x64\Release\Pixtures.pdb" /SUBSYSTEM:CONSOLE /OPT:REF /OPT:ICF /LTCG /TLBID:1 /DYNAMICBASE /NXCOMPAT /IMPLIB:"C:\Users\kgupta\Documents\Visual Studio 2013\Projects\Pixtures\x64\Release\Pixtures.lib" /MACHINE:X64 x64\Release\Canvas.obj
         x64\Release\Main.obj
         x64\Release\Pixels.obj
         x64\Release\Pixture.obj
         x64\Release\Intensity.obj
         Generating code
         Finished generating code
         Pixtures.vcxproj -> C:\Users\kgupta\Documents\Visual Studio 2013\Projects\Pixtures\x64\Release\Pixtures.exe
     1>Done Building Project "C:\Users\kgupta\Documents\Visual Studio 2013\Projects\Pixtures\Pixtures\Pixtures.vcxproj" (Build target(s)).

Build succeeded.

Time Elapsed 00:00:05.68
